<?xml version="1.0" encoding="UTF-8"?>
<!-- Generated by org.testng.reporters.JUnitXMLReporter -->
<testsuite ignored="0" hostname="INVENGER-819" failures="1" tests="5" name="Surefire test" time="31.181" errors="0" timestamp="2024-05-10T15:39:15 IST">
  <testcase classname="io.cucumber.testng.AbstractTestNGCucumberTests" name="runScenario" time="18.314"/>
  <testcase classname="seleniumcourse.tests.LoginErrormessageTest" name="validCred" time="0.522"/>
  <testcase classname="seleniumcourse.tests.LoginErrormessageTest" name="wrongPassword" time="0.857"/>
  <testcase classname="seleniumcourse.tests.LoginErrormessageTest" name="wrongUsername" time="0.36">
    <skipped/>
  </testcase> <!-- wrongUsername -->
  <testcase classname="seleniumcourse.tests.LoginErrormessageTest" name="wrongUsername" time="0.316">
    <failure type="java.lang.AssertionError" message="expected [Incorrect email or password.] but found [Incorrect email / password.]">
      <![CDATA[java.lang.AssertionError: expected [Incorrect email or password.] but found [Incorrect email / password.]
at seleniumcourse.tests.LoginErrormessageTest.wrongUsername(LoginErrormessageTest.java:31)
at java.base/java.util.ArrayList.forEach(ArrayList.java:1511)
... Removed 38 stack frames]]>
    </failure>
  </testcase> <!-- wrongUsername -->
</testsuite> <!-- Surefire test -->
